<<<<<<< main
<<<<<<< main
=======
>>>>>>> DO NOT USE
See file:///C:/GitRepos/2022RapidReact/build/tmp/compileFrcUserProgramReleaseExecutableFrcUserProgramCpp/output.txt for all output for compileFrcUserProgramReleaseExecutableFrcUserProgramCpp.
compiling AutonSelector.cpp successful.

compiling CyclePrimitives.cpp successful.

compiling FieldDefn.cpp successful.

compiling FieldMeasurement.cpp successful.

compiling PrimitiveFactory.cpp successful.
<<<<<<< main
=======
In file included from C:\GitRepos\2022RapidReact\src\main\cpp/subsys/SwerveModule.h:37:0,
                 from C:\GitRepos\2022RapidReact\src\main\cpp/subsys/ChassisFactory.h:16,
                 from C:\GitRepos\2022RapidReact\src\main\cpp/auton/primitives/DrivePath.h:39,
                 from C:\GitRepos\2022RapidReact\src\main\cpp\auton\PrimitiveFactory.cpp:31:
C:\Users\darth\.gradle\caches\transforms-3\fea46de20e2869b0be986ea81684d897\transformed\wpiutil-cpp-2022.1.1-headers/wpi/math:13:2: warning: #warning is a GCC extension
 #warning "Use <wpi/numbers> and wpi::numbers instead to reflect C++20 <numbers> and std::numbers"
  ^~~~~~~
C:\Users\darth\.gradle\caches\transforms-3\fea46de20e2869b0be986ea81684d897\transformed\wpiutil-cpp-2022.1.1-headers/wpi/math:13:2: warning: #warning "Use <wpi/numbers> and wpi::numbers instead to reflect C++20 <numbers> and std::numbers" [-Wcpp]
>>>>>>> DO NOT USE

compiling PrimitiveParams.cpp successful.

compiling PrimitiveParser.cpp successful.

compiling DoNothing.cpp successful.
<<<<<<< main

compiling DriveDistance.cpp successful.

compiling DrivePath.cpp successful.
=======
In file included from C:\GitRepos\2022RapidReact\src\main\cpp/subsys/SwerveModule.h:37:0,
                 from C:\GitRepos\2022RapidReact\src\main\cpp/subsys/ChassisFactory.h:16,
                 from C:\GitRepos\2022RapidReact\src\main\cpp\auton\primitives\DoNothing.cpp:30:
C:\Users\darth\.gradle\caches\transforms-3\fea46de20e2869b0be986ea81684d897\transformed\wpiutil-cpp-2022.1.1-headers/wpi/math:13:2: warning: #warning is a GCC extension
 #warning "Use <wpi/numbers> and wpi::numbers instead to reflect C++20 <numbers> and std::numbers"
  ^~~~~~~
C:\Users\darth\.gradle\caches\transforms-3\fea46de20e2869b0be986ea81684d897\transformed\wpiutil-cpp-2022.1.1-headers/wpi/math:13:2: warning: #warning "Use <wpi/numbers> and wpi::numbers instead to reflect C++20 <numbers> and std::numbers" [-Wcpp]

compiling DriveDistance.cpp successful.
In file included from C:\GitRepos\2022RapidReact\src\main\cpp/subsys/SwerveModule.h:37:0,
                 from C:\GitRepos\2022RapidReact\src\main\cpp/subsys/ChassisFactory.h:16,
                 from C:\GitRepos\2022RapidReact\src\main\cpp\auton\primitives\DriveDistance.cpp:28:
C:\Users\darth\.gradle\caches\transforms-3\fea46de20e2869b0be986ea81684d897\transformed\wpiutil-cpp-2022.1.1-headers/wpi/math:13:2: warning: #warning is a GCC extension
 #warning "Use <wpi/numbers> and wpi::numbers instead to reflect C++20 <numbers> and std::numbers"
  ^~~~~~~
C:\Users\darth\.gradle\caches\transforms-3\fea46de20e2869b0be986ea81684d897\transformed\wpiutil-cpp-2022.1.1-headers/wpi/math:13:2: warning: #warning "Use <wpi/numbers> and wpi::numbers instead to reflect C++20 <numbers> and std::numbers" [-Wcpp]

compiling DrivePath.cpp successful.
In file included from C:\GitRepos\2022RapidReact\src\main\cpp/subsys/SwerveModule.h:37:0,
                 from C:\GitRepos\2022RapidReact\src\main\cpp/subsys/ChassisFactory.h:16,
                 from C:\GitRepos\2022RapidReact\src\main\cpp/auton/primitives/DrivePath.h:39,
                 from C:\GitRepos\2022RapidReact\src\main\cpp\auton\primitives\DrivePath.cpp:28:
C:\Users\darth\.gradle\caches\transforms-3\fea46de20e2869b0be986ea81684d897\transformed\wpiutil-cpp-2022.1.1-headers/wpi/math:13:2: warning: #warning is a GCC extension
 #warning "Use <wpi/numbers> and wpi::numbers instead to reflect C++20 <numbers> and std::numbers"
  ^~~~~~~
C:\Users\darth\.gradle\caches\transforms-3\fea46de20e2869b0be986ea81684d897\transformed\wpiutil-cpp-2022.1.1-headers/wpi/math:13:2: warning: #warning "Use <wpi/numbers> and wpi::numbers instead to reflect C++20 <numbers> and std::numbers" [-Wcpp]
>>>>>>> DO NOT USE

compiling DriveTime.cpp successful.

compiling DriveToTarget.cpp successful.

<<<<<<< main
compiling ControlData.cpp successful.
=======
compiling DriveToWall.cpp successful.
In file included from C:\GitRepos\2022RapidReact\src\main\cpp/subsys/SwerveModule.h:37:0,
                 from C:\GitRepos\2022RapidReact\src\main\cpp/subsys/ChassisFactory.h:16,
                 from C:\GitRepos\2022RapidReact\src\main\cpp\auton\primitives\DriveToWall.cpp:44:
C:\Users\darth\.gradle\caches\transforms-3\fea46de20e2869b0be986ea81684d897\transformed\wpiutil-cpp-2022.1.1-headers/wpi/math:13:2: warning: #warning is a GCC extension
 #warning "Use <wpi/numbers> and wpi::numbers instead to reflect C++20 <numbers> and std::numbers"
  ^~~~~~~
C:\Users\darth\.gradle\caches\transforms-3\fea46de20e2869b0be986ea81684d897\transformed\wpiutil-cpp-2022.1.1-headers/wpi/math:13:2: warning: #warning "Use <wpi/numbers> and wpi::numbers instead to reflect C++20 <numbers> and std::numbers" [-Wcpp]
>>>>>>> DO NOT USE

compiling MechanismTargetData.cpp successful.

compiling AnalogAxis.cpp successful.

compiling CubedProfile.cpp successful.

compiling DeadbandValue.cpp successful.

compiling FlippedAxis.cpp successful.

compiling LinearProfile.cpp successful.

<<<<<<< main
compiling DriveToWall.cpp successful.

=======
>>>>>>> DO NOT USE
compiling NoDeadbandValue.cpp successful.

compiling PiecewiseLinearProfile.cpp successful.

<<<<<<< main
=======
compiling ScaledAxis.cpp successful.

>>>>>>> DO NOT USE
compiling ScaledDeadbandValue.cpp successful.

compiling SquaredProfile.cpp successful.

<<<<<<< main
compiling ScaledAxis.cpp successful.
=======
compiling SuperDrive.cpp successful.
In file included from C:\GitRepos\2022RapidReact\src\main\cpp/subsys/SwerveModule.h:37:0,
                 from C:\GitRepos\2022RapidReact\src\main\cpp/subsys/ChassisFactory.h:16,
                 from C:\GitRepos\2022RapidReact\src\main\cpp\auton\primitives\SuperDrive.cpp:32:
C:\Users\darth\.gradle\caches\transforms-3\fea46de20e2869b0be986ea81684d897\transformed\wpiutil-cpp-2022.1.1-headers/wpi/math:13:2: warning: #warning is a GCC extension
 #warning "Use <wpi/numbers> and wpi::numbers instead to reflect C++20 <numbers> and std::numbers"
  ^~~~~~~
C:\Users\darth\.gradle\caches\transforms-3\fea46de20e2869b0be986ea81684d897\transformed\wpiutil-cpp-2022.1.1-headers/wpi/math:13:2: warning: #warning "Use <wpi/numbers> and wpi::numbers instead to reflect C++20 <numbers> and std::numbers" [-Wcpp]
C:\GitRepos\2022RapidReact\src\main\cpp\auton\primitives\SuperDrive.cpp: In member function 'virtual void SuperDrive::Init(PrimitiveParams*)':
C:\GitRepos\2022RapidReact\src\main\cpp\auton\primitives\SuperDrive.cpp:127:24: warning: variable 'chassisSpeeds' set but not used [-Wunused-but-set-variable]
     frc::ChassisSpeeds chassisSpeeds = m_kinematics->ToChassisSpeeds(wheelSpeeds);
                        ^~~~~~~~~~~~~
C:\GitRepos\2022RapidReact\src\main\cpp\auton\primitives\SuperDrive.cpp: In member function 'virtual void SuperDrive::Run()':
C:\GitRepos\2022RapidReact\src\main\cpp\auton\primitives\SuperDrive.cpp:214:24: warning: variable 'chassisSpeeds' set but not used [-Wunused-but-set-variable]
     frc::ChassisSpeeds chassisSpeeds = m_kinematics->ToChassisSpeeds(wheelSpeeds);
                        ^~~~~~~~~~~~~
>>>>>>> DO NOT USE

compiling ButtonDecorator.cpp successful.

compiling DebouncedButton.cpp successful.

<<<<<<< main
compiling AnalogButton.cpp successful.

compiling POVButton.cpp successful.

compiling DigitalButton.cpp successful.

compiling ToggleButton.cpp successful.

compiling DragonXBox.cpp successful.

compiling SuperDrive.cpp successful.
=======
compiling POVButton.cpp successful.

compiling ToggleButton.cpp successful.

compiling AnalogButton.cpp successful.

compiling DigitalButton.cpp successful.

compiling TurnAngle.cpp successful.
In file included from C:\GitRepos\2022RapidReact\src\main\cpp/subsys/SwerveModule.h:37:0,
                 from C:\GitRepos\2022RapidReact\src\main\cpp/subsys/ChassisFactory.h:16,
                 from C:\GitRepos\2022RapidReact\src\main\cpp\auton\primitives\TurnAngle.cpp:31:
C:\Users\darth\.gradle\caches\transforms-3\fea46de20e2869b0be986ea81684d897\transformed\wpiutil-cpp-2022.1.1-headers/wpi/math:13:2: warning: #warning is a GCC extension
 #warning "Use <wpi/numbers> and wpi::numbers instead to reflect C++20 <numbers> and std::numbers"
  ^~~~~~~
C:\Users\darth\.gradle\caches\transforms-3\fea46de20e2869b0be986ea81684d897\transformed\wpiutil-cpp-2022.1.1-headers/wpi/math:13:2: warning: #warning "Use <wpi/numbers> and wpi::numbers instead to reflect C++20 <numbers> and std::numbers" [-Wcpp]

compiling DragonXBox.cpp successful.

compiling DragonDigitalInput.cpp successful.
>>>>>>> DO NOT USE

compiling DragonGamepad.cpp successful.

compiling FunctionMap.cpp successful.

<<<<<<< main
compiling TeleopControl.cpp successful.

compiling DragonPDP.cpp successful.

compiling DragonLimelight.cpp successful.

compiling DragonPigeon.cpp successful.

compiling DragonFalcon.cpp successful.

compiling DragonServo.cpp successful.

compiling DragonVision.cpp successful.

compiling ResetPosition.cpp successful.

compiling DragonSolenoid.cpp successful.

compiling DragonTalon.cpp successful.

compiling DigitalInputFactory.cpp successful.
=======
compiling DragonPDP.cpp successful.

compiling TeleopControl.cpp successful.

compiling HoldPosition.cpp successful.
In file included from C:\GitRepos\2022RapidReact\src\main\cpp/subsys/SwerveModule.h:37:0,
                 from C:\GitRepos\2022RapidReact\src\main\cpp/subsys/ChassisFactory.h:16,
                 from C:\GitRepos\2022RapidReact\src\main\cpp\auton\primitives\HoldPosition.cpp:29:
C:\Users\darth\.gradle\caches\transforms-3\fea46de20e2869b0be986ea81684d897\transformed\wpiutil-cpp-2022.1.1-headers/wpi/math:13:2: warning: #warning is a GCC extension
 #warning "Use <wpi/numbers> and wpi::numbers instead to reflect C++20 <numbers> and std::numbers"
  ^~~~~~~
C:\Users\darth\.gradle\caches\transforms-3\fea46de20e2869b0be986ea81684d897\transformed\wpiutil-cpp-2022.1.1-headers/wpi/math:13:2: warning: #warning "Use <wpi/numbers> and wpi::numbers instead to reflect C++20 <numbers> and std::numbers" [-Wcpp]

compiling DragonPigeon.cpp successful.

compiling DragonServo.cpp successful.

compiling DragonLimelight.cpp successful.

compiling DragonFalcon.cpp successful.

compiling DigitalInputFactory.cpp successful.

compiling DragonSolenoid.cpp successful.

compiling DragonVision.cpp successful.

compiling DragonTalon.cpp successful.
>>>>>>> DO NOT USE

compiling PDPFactory.cpp successful.

compiling DragonServoFactory.cpp successful.

<<<<<<< main
compiling DragonMotorControllerFactory.cpp successful.

compiling DigitalInputUsage.cpp successful.

compiling LimelightFactory.cpp successful.

compiling PigeonFactory.cpp successful.

compiling ServoUsage.cpp successful.

compiling MotorControllerUsage.cpp successful.

=======
compiling DigitalInputUsage.cpp successful.

compiling PigeonFactory.cpp successful.

compiling LimelightFactory.cpp successful.

compiling MotorControllerUsage.cpp successful.

compiling DragonMotorControllerFactory.cpp successful.

compiling ServoUsage.cpp successful.

>>>>>>> DO NOT USE
compiling SolenoidUsage.cpp successful.

compiling DragonTargetFinder.cpp successful.
C:\GitRepos\2022RapidReact\src\main\cpp\states\chassis\DragonTargetFinder.cpp: In member function 'double DragonTargetFinder::GetAngle2Target(frc::Pose2d)':
C:\GitRepos\2022RapidReact\src\main\cpp\states\chassis\DragonTargetFinder.cpp:77:13: warning: variable 'iQuadrantsLoc' set but not used [-Wunused-but-set-variable]
         int iQuadrantsLoc = 0;   // Quadrants I,II,III,IV.  Standard radians rotation counter clockwise
             ^~~~~~~~~~~~~

<<<<<<< main
compiling DragonDigitalInput.cpp successful.

compiling IntakeState.cpp successful.

compiling IntakeStateMgr.cpp successful.

compiling Mech1IndMotorSolenoidState.cpp successful.

compiling Mech1MotorState.cpp successful.

compiling Mech2MotorState.cpp successful.

compiling MechSolenoidState.cpp successful.

compiling StateMgr.cpp successful.

compiling Mech.cpp successful.

compiling Mech1IndMotor.cpp successful.

compiling Mech1IndMotorSolenoid.cpp successful.

compiling Mech1Servo.cpp successful.

compiling Mech1Solenoid.cpp successful.

compiling Mech2IndMotors.cpp successful.

compiling TurnAngle.cpp successful.

compiling MechanismFactory.cpp successful.

compiling Robot.cpp successful.

compiling SwerveDrive.cpp successful.

compiling ChassisFactory.cpp successful.

compiling AngleUtils.cpp successful.

compiling HardwareIDValidation.cpp successful.

compiling HoldPosition.cpp successful.

compiling EtherDirtySwerve.cpp successful.

compiling Logger.cpp successful.

compiling UsageValidation.cpp successful.

compiling EtherFieldSwerve.cpp successful.

compiling CameraDefn.cpp successful.

compiling CanCoderDefn.cpp successful.

compiling WPIDirtySwerve.cpp successful.

compiling DigitalInputDefn.cpp successful.

compiling LimelightDefn.cpp successful.

compiling MechanismDefn.cpp successful.

compiling PCMDefn.cpp successful.

compiling MotorDefn.cpp successful.
C:\GitRepos\2022RapidReact\src\main\cpp\xmlhw\MotorDefn.cpp: In member function 'std::shared_ptr<IDragonMotorController> MotorDefn::ParseXML(pugi::xml_node)':
C:\GitRepos\2022RapidReact\src\main\cpp\xmlhw\MotorDefn.cpp:68:9: warning: variable 'continuousCurrentLimit' set but not used [-Wunused-but-set-variable]
     int continuousCurrentLimit = 0;
         ^~~~~~~~~~~~~~~~~~~~~~

compiling PDPDefn.cpp successful.

compiling PigeonDefn.cpp successful.

compiling WPIFieldSwerve.cpp successful.

compiling ServoDefn.cpp successful.

compiling RobotDefn.cpp successful.

compiling SolenoidDefn.cpp successful.

compiling ControlDataDefn.cpp successful.

compiling ThroughBoreEncoderDefn.cpp successful.

compiling MechanismTargetDefn.cpp successful.

compiling SwerveModule.cpp successful.

compiling Intake.cpp successful.

compiling StateDataDefn.cpp successful.

compiling pugixml.cpp successful.

compiling ChassisDefn.cpp successful.

compiling SwerveModuleDefn.cpp successful.

compiling SwerveChassis.cpp successful.

Finished compileFrcUserProgramReleaseExecutableFrcUserProgramCpp, see full log file:///C:/GitRepos/2022RapidReact/build/tmp/compileFrcUserProgramReleaseExecutableFrcUserProgramCpp/output.txt.
=======
See file:///home/fishy/GitRepos/2022RapidReact/build/tmp/compileFrcUserProgramReleaseExecutableFrcUserProgramCpp/output.txt for all output for compileFrcUserProgramReleaseExecutableFrcUserProgramCpp.
compiling Robot.cpp failed.
In file included from /home/fishy/GitRepos/2022RapidReact/src/main/cpp/Robot.h:11:0,
                 from /home/fishy/GitRepos/2022RapidReact/src/main/cpp/Robot.cpp:5:
/home/fishy/GitRepos/2022RapidReact/src/main/cpp/gamepad/TeleopControl.h:25:10: fatal error: frc/Driverstation.h: No such file or directory
 #include <frc/Driverstation.h>
          ^~~~~~~~~~~~~~~~~~~~~
compilation terminated.

compiling AutonSelector.cpp failed.
/home/fishy/GitRepos/2022RapidReact/src/main/cpp/auton/AutonSelector.cpp:25:10: fatal error: frc/SmartDashboard/SendableChooser.h: No such file or directory
 #include <frc/SmartDashboard/SendableChooser.h>
          ^~~~~~~~~~~~~~~~~~~~~~~~~~~~~~~~~~~~~~
compilation terminated.

compiling CyclePrimitives.cpp failed.
In file included from /home/fishy/GitRepos/2022RapidReact/src/main/cpp/auton/CyclePrimitives.cpp:30:0:
/home/fishy/GitRepos/2022RapidReact/src/main/cpp/auton/AutonSelector.h:21:10: fatal error: frc/SmartDashboard/SendableChooser.h: No such file or directory
 #include <frc/SmartDashboard/SendableChooser.h>
          ^~~~~~~~~~~~~~~~~~~~~~~~~~~~~~~~~~~~~~
compilation terminated.

compiling FieldDefn.cpp successful.

compiling FieldMeasurement.cpp successful.

compiling PrimitiveFactory.cpp failed.
/home/fishy/GitRepos/2022RapidReact/src/main/cpp/auton/PrimitiveFactory.cpp:9:10: fatal error: frc/SmartDashboard/SmartDashboard.h: No such file or directory
 #include <frc/SmartDashboard/SmartDashboard.h>
          ^~~~~~~~~~~~~~~~~~~~~~~~~~~~~~~~~~~~~
compilation terminated.

compiling PrimitiveParams.cpp successful.

compiling PrimitiveParser.cpp failed.
/home/fishy/GitRepos/2022RapidReact/src/main/cpp/auton/PrimitiveParser.cpp:26:10: fatal error: frc/SmartDashboard/SmartDashboard.h: No such file or directory
 #include <frc/SmartDashboard/SmartDashboard.h>
          ^~~~~~~~~~~~~~~~~~~~~~~~~~~~~~~~~~~~~
compilation terminated.

compiling DoNothing.cpp failed.
In file included from /home/fishy/GitRepos/2022RapidReact/src/main/cpp/hw/factories/PigeonFactory.h:24:0,
                 from /home/fishy/GitRepos/2022RapidReact/src/main/cpp/subsys/SwerveChassis.h:40,
                 from /home/fishy/GitRepos/2022RapidReact/src/main/cpp/subsys/ChassisFactory.h:17,
                 from /home/fishy/GitRepos/2022RapidReact/src/main/cpp/auton/primitives/DoNothing.cpp:30:
/home/fishy/GitRepos/2022RapidReact/src/main/cpp/hw/DragonPigeon.h:19:10: fatal error: ctre/phoenix/Sensors/PigeonIMU.h: No such file or directory
 #include <ctre/phoenix/Sensors/PigeonIMU.h>
          ^~~~~~~~~~~~~~~~~~~~~~~~~~~~~~~~~~
compilation terminated.

compiling DriveDistance.cpp failed.
In file included from /home/fishy/GitRepos/2022RapidReact/src/main/cpp/hw/factories/PigeonFactory.h:24:0,
                 from /home/fishy/GitRepos/2022RapidReact/src/main/cpp/subsys/SwerveChassis.h:40,
                 from /home/fishy/GitRepos/2022RapidReact/src/main/cpp/subsys/ChassisFactory.h:17,
                 from /home/fishy/GitRepos/2022RapidReact/src/main/cpp/auton/primitives/DriveDistance.cpp:28:
/home/fishy/GitRepos/2022RapidReact/src/main/cpp/hw/DragonPigeon.h:19:10: fatal error: ctre/phoenix/Sensors/PigeonIMU.h: No such file or directory
 #include <ctre/phoenix/Sensors/PigeonIMU.h>
          ^~~~~~~~~~~~~~~~~~~~~~~~~~~~~~~~~~
compilation terminated.

compiling DrivePath.cpp failed.
In file included from /home/fishy/GitRepos/2022RapidReact/src/main/cpp/hw/factories/PigeonFactory.h:24:0,
                 from /home/fishy/GitRepos/2022RapidReact/src/main/cpp/subsys/SwerveChassis.h:40,
                 from /home/fishy/GitRepos/2022RapidReact/src/main/cpp/subsys/ChassisFactory.h:17,
                 from /home/fishy/GitRepos/2022RapidReact/src/main/cpp/auton/primitives/DrivePath.h:39,
                 from /home/fishy/GitRepos/2022RapidReact/src/main/cpp/auton/primitives/DrivePath.cpp:28:
/home/fishy/GitRepos/2022RapidReact/src/main/cpp/hw/DragonPigeon.h:19:10: fatal error: ctre/phoenix/Sensors/PigeonIMU.h: No such file or directory
 #include <ctre/phoenix/Sensors/PigeonIMU.h>
          ^~~~~~~~~~~~~~~~~~~~~~~~~~~~~~~~~~
compilation terminated.

compiling DriveTime.cpp successful.

compiling DriveToTarget.cpp successful.

compiling DriveToWall.cpp failed.
In file included from /home/fishy/GitRepos/2022RapidReact/src/main/cpp/hw/factories/PigeonFactory.h:24:0,
                 from /home/fishy/GitRepos/2022RapidReact/src/main/cpp/subsys/SwerveChassis.h:40,
                 from /home/fishy/GitRepos/2022RapidReact/src/main/cpp/subsys/ChassisFactory.h:17,
                 from /home/fishy/GitRepos/2022RapidReact/src/main/cpp/auton/primitives/DriveToWall.cpp:44:
/home/fishy/GitRepos/2022RapidReact/src/main/cpp/hw/DragonPigeon.h:19:10: fatal error: ctre/phoenix/Sensors/PigeonIMU.h: No such file or directory
 #include <ctre/phoenix/Sensors/PigeonIMU.h>
          ^~~~~~~~~~~~~~~~~~~~~~~~~~~~~~~~~~
compilation terminated.

compiling HoldPosition.cpp failed.
In file included from /home/fishy/GitRepos/2022RapidReact/src/main/cpp/hw/factories/PigeonFactory.h:24:0,
                 from /home/fishy/GitRepos/2022RapidReact/src/main/cpp/subsys/SwerveChassis.h:40,
                 from /home/fishy/GitRepos/2022RapidReact/src/main/cpp/subsys/ChassisFactory.h:17,
                 from /home/fishy/GitRepos/2022RapidReact/src/main/cpp/auton/primitives/HoldPosition.cpp:29:
/home/fishy/GitRepos/2022RapidReact/src/main/cpp/hw/DragonPigeon.h:19:10: fatal error: ctre/phoenix/Sensors/PigeonIMU.h: No such file or directory
 #include <ctre/phoenix/Sensors/PigeonIMU.h>
          ^~~~~~~~~~~~~~~~~~~~~~~~~~~~~~~~~~
compilation terminated.

compiling ResetPosition.cpp failed.
In file included from /home/fishy/GitRepos/2022RapidReact/src/main/cpp/hw/factories/PigeonFactory.h:24:0,
                 from /home/fishy/GitRepos/2022RapidReact/src/main/cpp/subsys/SwerveChassis.h:40,
                 from /home/fishy/GitRepos/2022RapidReact/src/main/cpp/subsys/ChassisFactory.h:17,
                 from /home/fishy/GitRepos/2022RapidReact/src/main/cpp/auton/primitives/ResetPosition.cpp:26:
/home/fishy/GitRepos/2022RapidReact/src/main/cpp/hw/DragonPigeon.h:19:10: fatal error: ctre/phoenix/Sensors/PigeonIMU.h: No such file or directory
 #include <ctre/phoenix/Sensors/PigeonIMU.h>
          ^~~~~~~~~~~~~~~~~~~~~~~~~~~~~~~~~~
compilation terminated.

compiling SuperDrive.cpp failed.
In file included from /home/fishy/GitRepos/2022RapidReact/src/main/cpp/hw/factories/PigeonFactory.h:24:0,
                 from /home/fishy/GitRepos/2022RapidReact/src/main/cpp/auton/primitives/SuperDrive.cpp:31:
/home/fishy/GitRepos/2022RapidReact/src/main/cpp/hw/DragonPigeon.h:19:10: fatal error: ctre/phoenix/Sensors/PigeonIMU.h: No such file or directory
 #include <ctre/phoenix/Sensors/PigeonIMU.h>
          ^~~~~~~~~~~~~~~~~~~~~~~~~~~~~~~~~~
compilation terminated.

compiling TurnAngle.cpp failed.
In file included from /home/fishy/GitRepos/2022RapidReact/src/main/cpp/auton/primitives/TurnAngle.h:26:0,
                 from /home/fishy/GitRepos/2022RapidReact/src/main/cpp/auton/primitives/TurnAngle.cpp:28:
/home/fishy/GitRepos/2022RapidReact/src/main/cpp/hw/DragonPigeon.h:19:10: fatal error: ctre/phoenix/Sensors/PigeonIMU.h: No such file or directory
 #include <ctre/phoenix/Sensors/PigeonIMU.h>
          ^~~~~~~~~~~~~~~~~~~~~~~~~~~~~~~~~~
compilation terminated.

compiling ControlData.cpp successful.

compiling MechanismTargetData.cpp successful.

compiling DragonGamepad.cpp successful.

compiling FunctionMap.cpp failed.
In file included from /home/fishy/GitRepos/2022RapidReact/src/main/cpp/gamepad/FunctionMap.cpp:24:0:
/home/fishy/GitRepos/2022RapidReact/src/main/cpp/gamepad/TeleopControl.h:25:10: fatal error: frc/Driverstation.h: No such file or directory
 #include <frc/Driverstation.h>
          ^~~~~~~~~~~~~~~~~~~~~
compilation terminated.

compiling DragonXBox.cpp successful.

compiling CubedProfile.cpp successful.

compiling LinearProfile.cpp successful.

compiling DeadbandValue.cpp successful.

compiling FlippedAxis.cpp successful.

compiling PiecewiseLinearProfile.cpp successful.

compiling NoDeadbandValue.cpp successful.

compiling ScaledDeadbandValue.cpp successful.

compiling SquaredProfile.cpp successful.

compiling ButtonDecorator.cpp successful.

compiling ScaledAxis.cpp successful.

compiling DebouncedButton.cpp successful.

compiling POVButton.cpp successful.

compiling AnalogAxis.cpp successful.

compiling DigitalButton.cpp successful.

compiling DragonDigitalInput.cpp successful.

compiling DragonPigeon.cpp failed.
/home/fishy/GitRepos/2022RapidReact/src/main/cpp/hw/DragonPigeon.cpp:17:10: fatal error: ctre/phoenix/Sensors/PigeonIMU.h: No such file or directory
 #include <ctre/phoenix/Sensors/PigeonIMU.h>
          ^~~~~~~~~~~~~~~~~~~~~~~~~~~~~~~~~~
compilation terminated.

compiling AnalogButton.cpp successful.

compiling DragonPDP.cpp successful.

compiling DragonServo.cpp successful.

compiling TeleopControl.cpp failed.
/home/fishy/GitRepos/2022RapidReact/src/main/cpp/gamepad/TeleopControl.cpp:29:10: fatal error: gamepad/DragonGamePad.h: No such file or directory
 #include <gamepad/DragonGamePad.h>
          ^~~~~~~~~~~~~~~~~~~~~~~~~
compilation terminated.

compiling DragonMotorControllerFactory.cpp failed.
In file included from /home/fishy/GitRepos/2022RapidReact/src/main/cpp/hw/factories/DragonMotorControllerFactory.cpp:5:0:
/home/fishy/GitRepos/2022RapidReact/src/main/cpp/hw/factories/DragonMotorControllerFactory.h:41:10: fatal error: ctre/phoenix/MotorControl/FeedbackDevice.h: No such file or directory
 #include <ctre/phoenix/MotorControl/FeedbackDevice.h>
          ^~~~~~~~~~~~~~~~~~~~~~~~~~~~~~~~~~~~~~~~~~~~
compilation terminated.

compiling DragonLimelight.cpp successful.

compiling DigitalInputFactory.cpp successful.

compiling PigeonFactory.cpp failed.
In file included from /home/fishy/GitRepos/2022RapidReact/src/main/cpp/hw/factories/PigeonFactory.h:24:0,
                 from /home/fishy/GitRepos/2022RapidReact/src/main/cpp/hw/factories/PigeonFactory.cpp:32:
/home/fishy/GitRepos/2022RapidReact/src/main/cpp/hw/DragonPigeon.h:19:10: fatal error: ctre/phoenix/Sensors/PigeonIMU.h: No such file or directory
 #include <ctre/phoenix/Sensors/PigeonIMU.h>
          ^~~~~~~~~~~~~~~~~~~~~~~~~~~~~~~~~~
compilation terminated.

compiling DragonFalcon.cpp successful.

compiling DragonVision.cpp successful.

compiling DigitalInputUsage.cpp successful.

compiling SolenoidUsage.cpp successful.

compiling PDPFactory.cpp successful.

compiling ServoUsage.cpp successful.

compiling MotorControllerUsage.cpp successful.

compiling Mech1MotorState.cpp failed.
In file included from /home/fishy/GitRepos/2022RapidReact/src/main/cpp/states/Mech1MotorState.cpp:30:0:
/home/fishy/GitRepos/2022RapidReact/src/main/cpp/gamepad/TeleopControl.h:25:10: fatal error: frc/Driverstation.h: No such file or directory
 #include <frc/Driverstation.h>
          ^~~~~~~~~~~~~~~~~~~~~
compilation terminated.

compiling Mech2MotorState.cpp failed.
In file included from /home/fishy/GitRepos/2022RapidReact/src/main/cpp/states/Mech2MotorState.cpp:30:0:
/home/fishy/GitRepos/2022RapidReact/src/main/cpp/gamepad/TeleopControl.h:25:10: fatal error: frc/Driverstation.h: No such file or directory
 #include <frc/Driverstation.h>
          ^~~~~~~~~~~~~~~~~~~~~
compilation terminated.

compiling DragonServoFactory.cpp successful.

compiling MechSolenoidState.cpp failed.
In file included from /home/fishy/GitRepos/2022RapidReact/src/main/cpp/states/MechSolenoidState.cpp:28:0:
/home/fishy/GitRepos/2022RapidReact/src/main/cpp/gamepad/TeleopControl.h:25:10: fatal error: frc/Driverstation.h: No such file or directory
 #include <frc/Driverstation.h>
          ^~~~~~~~~~~~~~~~~~~~~
compilation terminated.

compiling LimelightFactory.cpp successful.

compiling SwerveDrive.cpp failed.
In file included from /home/fishy/GitRepos/2022RapidReact/src/main/cpp/hw/factories/PigeonFactory.h:24:0,
                 from /home/fishy/GitRepos/2022RapidReact/src/main/cpp/subsys/SwerveChassis.h:40,
                 from /home/fishy/GitRepos/2022RapidReact/src/main/cpp/states/chassis/SwerveDrive.h:24,
                 from /home/fishy/GitRepos/2022RapidReact/src/main/cpp/states/chassis/SwerveDrive.cpp:25:
/home/fishy/GitRepos/2022RapidReact/src/main/cpp/hw/DragonPigeon.h:19:10: fatal error: ctre/phoenix/Sensors/PigeonIMU.h: No such file or directory
 #include <ctre/phoenix/Sensors/PigeonIMU.h>
          ^~~~~~~~~~~~~~~~~~~~~~~~~~~~~~~~~~
compilation terminated.

compiling DragonSolenoid.cpp successful.

compiling ChassisFactory.cpp failed.
In file included from /home/fishy/GitRepos/2022RapidReact/src/main/cpp/hw/factories/PigeonFactory.h:24:0,
                 from /home/fishy/GitRepos/2022RapidReact/src/main/cpp/subsys/SwerveChassis.h:40,
                 from /home/fishy/GitRepos/2022RapidReact/src/main/cpp/subsys/ChassisFactory.h:17,
                 from /home/fishy/GitRepos/2022RapidReact/src/main/cpp/subsys/ChassisFactory.cpp:11:
/home/fishy/GitRepos/2022RapidReact/src/main/cpp/hw/DragonPigeon.h:19:10: fatal error: ctre/phoenix/Sensors/PigeonIMU.h: No such file or directory
 #include <ctre/phoenix/Sensors/PigeonIMU.h>
          ^~~~~~~~~~~~~~~~~~~~~~~~~~~~~~~~~~
compilation terminated.

compiling StateMgr.cpp successful.
/home/fishy/GitRepos/2022RapidReact/src/main/cpp/states/StateMgr.cpp: In member function 'void StateMgr::Init(IMech*, const std::map<std::__cxx11::basic_string<char>, StateStruc>&)':
/home/fishy/GitRepos/2022RapidReact/src/main/cpp/states/StateMgr.cpp:74:22: warning: unused variable 'controlData' [-Wunused-variable]
=======
compiling Mech1MotorState.cpp successful.

compiling Mech1IndMotorSolenoidState.cpp successful.

compiling Mech2MotorState.cpp successful.

compiling StateMgr.cpp successful.
C:\GitRepos\2022RapidReact\src\main\cpp\states\StateMgr.cpp: In member function 'void StateMgr::Init(IMech*, const std::map<std::__cxx11::basic_string<char>, StateStruc>&)':
C:\GitRepos\2022RapidReact\src\main\cpp\states\StateMgr.cpp:74:22: warning: unused variable 'controlData' [-Wunused-variable]
>>>>>>> DO NOT USE
                 auto controlData = td->GetController();
                      ^~~~~~~~~~~
C:\GitRepos\2022RapidReact\src\main\cpp\states\StateMgr.cpp:75:22: warning: unused variable 'target' [-Wunused-variable]
                 auto target = td->GetTarget();
<<<<<<< main
                      ^~~~~~

compiling Mech1Servo.cpp successful.

compiling DragonTalon.cpp successful.

compiling EtherDirtySwerve.cpp failed.
In file included from /home/fishy/GitRepos/2022RapidReact/src/main/cpp/subsys/SwerveHelpers/EtherDirtySwerve.cpp:29:0:
/home/fishy/GitRepos/2022RapidReact/src/main/cpp/hw/DragonPigeon.h:19:10: fatal error: ctre/phoenix/Sensors/PigeonIMU.h: No such file or directory
 #include <ctre/phoenix/Sensors/PigeonIMU.h>
          ^~~~~~~~~~~~~~~~~~~~~~~~~~~~~~~~~~
compilation terminated.

compiling Mech.cpp successful.

compiling WPIFieldSwerve.cpp failed.
In file included from /home/fishy/GitRepos/2022RapidReact/src/main/cpp/hw/factories/PigeonFactory.h:24:0,
                 from /home/fishy/GitRepos/2022RapidReact/src/main/cpp/subsys/SwerveChassis.h:40,
                 from /home/fishy/GitRepos/2022RapidReact/src/main/cpp/subsys/SwerveHelpers/WPIFieldSwerve.cpp:29:
/home/fishy/GitRepos/2022RapidReact/src/main/cpp/hw/DragonPigeon.h:19:10: fatal error: ctre/phoenix/Sensors/PigeonIMU.h: No such file or directory
 #include <ctre/phoenix/Sensors/PigeonIMU.h>
          ^~~~~~~~~~~~~~~~~~~~~~~~~~~~~~~~~~
compilation terminated.

compiling EtherFieldSwerve.cpp failed.
In file included from /home/fishy/GitRepos/2022RapidReact/src/main/cpp/subsys/SwerveHelpers/EtherFieldSwerve.cpp:29:0:
/home/fishy/GitRepos/2022RapidReact/src/main/cpp/hw/DragonPigeon.h:19:10: fatal error: ctre/phoenix/Sensors/PigeonIMU.h: No such file or directory
 #include <ctre/phoenix/Sensors/PigeonIMU.h>
          ^~~~~~~~~~~~~~~~~~~~~~~~~~~~~~~~~~
compilation terminated.

compiling SwerveChassis.cpp failed.
In file included from /home/fishy/GitRepos/2022RapidReact/src/main/cpp/hw/factories/PigeonFactory.h:24:0,
                 from /home/fishy/GitRepos/2022RapidReact/src/main/cpp/subsys/SwerveChassis.h:40,
                 from /home/fishy/GitRepos/2022RapidReact/src/main/cpp/subsys/SwerveChassis.cpp:32:
/home/fishy/GitRepos/2022RapidReact/src/main/cpp/hw/DragonPigeon.h:19:10: fatal error: ctre/phoenix/Sensors/PigeonIMU.h: No such file or directory
 #include <ctre/phoenix/Sensors/PigeonIMU.h>
          ^~~~~~~~~~~~~~~~~~~~~~~~~~~~~~~~~~
compilation terminated.

compiling Mech2IndMotors.cpp successful.

compiling StationaryClimber.cpp failed.
/home/fishy/GitRepos/2022RapidReact/src/main/cpp/subsys/StationaryClimber.cpp:21:10: fatal error: IDragonMotorController.h: No such file or directory
 #include <IDragonMotorController.h>
          ^~~~~~~~~~~~~~~~~~~~~~~~~~
compilation terminated.

compiling WPIDirtySwerve.cpp failed.
In file included from /home/fishy/GitRepos/2022RapidReact/src/main/cpp/hw/factories/PigeonFactory.h:24:0,
                 from /home/fishy/GitRepos/2022RapidReact/src/main/cpp/subsys/SwerveChassis.h:40,
                 from /home/fishy/GitRepos/2022RapidReact/src/main/cpp/subsys/SwerveHelpers/WPIDirtySwerve.cpp:29:
/home/fishy/GitRepos/2022RapidReact/src/main/cpp/hw/DragonPigeon.h:19:10: fatal error: ctre/phoenix/Sensors/PigeonIMU.h: No such file or directory
 #include <ctre/phoenix/Sensors/PigeonIMU.h>
          ^~~~~~~~~~~~~~~~~~~~~~~~~~~~~~~~~~
compilation terminated.

compiling Logger.cpp failed.
/home/fishy/GitRepos/2022RapidReact/src/main/cpp/utils/Logger.cpp:34:10: fatal error: frc/SmartDashboard/SmartDashboard.h: No such file or directory
 #include <frc/SmartDashboard/SmartDashboard.h>
          ^~~~~~~~~~~~~~~~~~~~~~~~~~~~~~~~~~~~~
compilation terminated.

compiling SwerveModule.cpp failed.
In file included from /home/fishy/GitRepos/2022RapidReact/src/main/cpp/hw/factories/PigeonFactory.h:24:0,
                 from /home/fishy/GitRepos/2022RapidReact/src/main/cpp/subsys/SwerveChassis.h:40,
                 from /home/fishy/GitRepos/2022RapidReact/src/main/cpp/subsys/SwerveModule.cpp:37:
/home/fishy/GitRepos/2022RapidReact/src/main/cpp/hw/DragonPigeon.h:19:10: fatal error: ctre/phoenix/Sensors/PigeonIMU.h: No such file or directory
 #include <ctre/phoenix/Sensors/PigeonIMU.h>
          ^~~~~~~~~~~~~~~~~~~~~~~~~~~~~~~~~~
compilation terminated.

compiling Mech1IndMotor.cpp successful.

compiling ChassisDefn.cpp failed.
In file included from /home/fishy/GitRepos/2022RapidReact/src/main/cpp/hw/factories/PigeonFactory.h:24:0,
                 from /home/fishy/GitRepos/2022RapidReact/src/main/cpp/subsys/SwerveChassis.h:40,
                 from /home/fishy/GitRepos/2022RapidReact/src/main/cpp/subsys/ChassisFactory.h:17,
                 from /home/fishy/GitRepos/2022RapidReact/src/main/cpp/xmlhw/ChassisDefn.cpp:39:
/home/fishy/GitRepos/2022RapidReact/src/main/cpp/hw/DragonPigeon.h:19:10: fatal error: ctre/phoenix/Sensors/PigeonIMU.h: No such file or directory
 #include <ctre/phoenix/Sensors/PigeonIMU.h>
          ^~~~~~~~~~~~~~~~~~~~~~~~~~~~~~~~~~
compilation terminated.

compiling DigitalInputDefn.cpp failed.
/home/fishy/GitRepos/2022RapidReact/src/main/cpp/xmlhw/DigitalInputDefn.cpp:20:10: fatal error: frc/SmartDashboard/SmartDashboard.h: No such file or directory
 #include <frc/SmartDashboard/SmartDashboard.h>
          ^~~~~~~~~~~~~~~~~~~~~~~~~~~~~~~~~~~~~
compilation terminated.

compiling Mech1Solenoid.cpp successful.

compiling UsageValidation.cpp successful.

compiling MechanismDefn.cpp failed.
/home/fishy/GitRepos/2022RapidReact/src/main/cpp/xmlhw/MechanismDefn.cpp:29:10: fatal error: frc/SmartDashboard/SmartDashboard.h: No such file or directory
 #include <frc/SmartDashboard/SmartDashboard.h>
          ^~~~~~~~~~~~~~~~~~~~~~~~~~~~~~~~~~~~~
compilation terminated.

compiling MotorDefn.cpp failed.
In file included from /home/fishy/GitRepos/2022RapidReact/src/main/cpp/xmlhw/MotorDefn.cpp:32:0:
/home/fishy/GitRepos/2022RapidReact/src/main/cpp/hw/factories/DragonMotorControllerFactory.h:41:10: fatal error: ctre/phoenix/MotorControl/FeedbackDevice.h: No such file or directory
 #include <ctre/phoenix/MotorControl/FeedbackDevice.h>
          ^~~~~~~~~~~~~~~~~~~~~~~~~~~~~~~~~~~~~~~~~~~~
compilation terminated.

compiling HardwareIDValidation.cpp successful.

compiling PigeonDefn.cpp failed.
In file included from /home/fishy/GitRepos/2022RapidReact/src/main/cpp/xmlhw/PigeonDefn.cpp:15:0:
/home/fishy/GitRepos/2022RapidReact/src/main/cpp/xmlhw/PigeonDefn.h:23:10: fatal error: frc/SmartDashboard/SmartDashboard.h: No such file or directory
 #include <frc/SmartDashboard/SmartDashboard.h>
          ^~~~~~~~~~~~~~~~~~~~~~~~~~~~~~~~~~~~~
compilation terminated.

compiling CanCoderDefn.cpp successful.

compiling RobotDefn.cpp failed.
In file included from /home/fishy/GitRepos/2022RapidReact/src/main/cpp/xmlhw/RobotDefn.cpp:47:0:
/home/fishy/GitRepos/2022RapidReact/src/main/cpp/xmlhw/PigeonDefn.h:23:10: fatal error: frc/SmartDashboard/SmartDashboard.h: No such file or directory
 #include <frc/SmartDashboard/SmartDashboard.h>
          ^~~~~~~~~~~~~~~~~~~~~~~~~~~~~~~~~~~~~
compilation terminated.

compiling CameraDefn.cpp successful.

compiling AngleUtils.cpp successful.

compiling MechanismFactory.cpp successful.

compiling SwerveModuleDefn.cpp failed.
In file included from /home/fishy/GitRepos/2022RapidReact/src/main/cpp/hw/factories/PigeonFactory.h:24:0,
                 from /home/fishy/GitRepos/2022RapidReact/src/main/cpp/subsys/SwerveChassis.h:40,
                 from /home/fishy/GitRepos/2022RapidReact/src/main/cpp/subsys/ChassisFactory.h:17,
                 from /home/fishy/GitRepos/2022RapidReact/src/main/cpp/xmlhw/SwerveModuleDefn.cpp:35:
/home/fishy/GitRepos/2022RapidReact/src/main/cpp/hw/DragonPigeon.h:19:10: fatal error: ctre/phoenix/Sensors/PigeonIMU.h: No such file or directory
 #include <ctre/phoenix/Sensors/PigeonIMU.h>
          ^~~~~~~~~~~~~~~~~~~~~~~~~~~~~~~~~~
compilation terminated.

compiling LimelightDefn.cpp successful.

compiling ControlDataDefn.cpp successful.

compiling PDPDefn.cpp successful.

compiling ToggleButton.cpp successful.

compiling ThroughBoreEncoderDefn.cpp successful.

compiling MechanismTargetDefn.cpp successful.

compiling PCMDefn.cpp successful.

compiling ServoDefn.cpp successful.

compiling SolenoidDefn.cpp successful.

compiling StateDataDefn.cpp successful.

compiling pugixml.cpp successful.

Finished compileFrcUserProgramReleaseExecutableFrcUserProgramCpp, see full log file:///home/fishy/GitRepos/2022RapidReact/build/tmp/compileFrcUserProgramReleaseExecutableFrcUserProgramCpp/output.txt.
>>>>>>> WIP Adding Climber mechanism
=======
                      ^~~~~~

compiling Mech.cpp successful.

compiling Mech1IndMotor.cpp successful.

compiling Mech1IndMotorSolenoid.cpp successful.

compiling Mech1Servo.cpp successful.

compiling Mech1Solenoid.cpp successful.

compiling ControlData.cpp successful.

compiling Mech2IndMotors.cpp successful.

compiling MechanismFactory.cpp successful.

compiling Robot.cpp successful.
In file included from C:\GitRepos\2022RapidReact\src\main\cpp/subsys/SwerveChassis.h:37:0,
                 from C:\GitRepos\2022RapidReact\src\main\cpp/states/chassis/SwerveDrive.h:22,
                 from C:\GitRepos\2022RapidReact\src\main\cpp\Robot.h:14,
                 from C:\GitRepos\2022RapidReact\src\main\cpp\Robot.cpp:5:
C:\Users\darth\.gradle\caches\transforms-3\fea46de20e2869b0be986ea81684d897\transformed\wpiutil-cpp-2022.1.1-headers/wpi/math:13:2: warning: #warning is a GCC extension
 #warning "Use <wpi/numbers> and wpi::numbers instead to reflect C++20 <numbers> and std::numbers"
  ^~~~~~~
C:\Users\darth\.gradle\caches\transforms-3\fea46de20e2869b0be986ea81684d897\transformed\wpiutil-cpp-2022.1.1-headers/wpi/math:13:2: warning: #warning "Use <wpi/numbers> and wpi::numbers instead to reflect C++20 <numbers> and std::numbers" [-Wcpp]
C:\GitRepos\2022RapidReact\src\main\cpp\Robot.cpp: In member function 'virtual void Robot::RobotInit()':
C:\GitRepos\2022RapidReact\src\main\cpp\Robot.cpp:46:8: warning: unused variable 'mechFactory' [-Wunused-variable]
   auto mechFactory = MechanismFactory::GetMechanismFactory();
        ^~~~~~~~~~~

compiling SwerveDrive.cpp successful.
In file included from C:\GitRepos\2022RapidReact\src\main\cpp/subsys/SwerveChassis.h:37:0,
                 from C:\GitRepos\2022RapidReact\src\main\cpp/states/chassis/SwerveDrive.h:22,
                 from C:\GitRepos\2022RapidReact\src\main\cpp\states\chassis\SwerveDrive.cpp:25:
C:\Users\darth\.gradle\caches\transforms-3\fea46de20e2869b0be986ea81684d897\transformed\wpiutil-cpp-2022.1.1-headers/wpi/math:13:2: warning: #warning is a GCC extension
 #warning "Use <wpi/numbers> and wpi::numbers instead to reflect C++20 <numbers> and std::numbers"
  ^~~~~~~
C:\Users\darth\.gradle\caches\transforms-3\fea46de20e2869b0be986ea81684d897\transformed\wpiutil-cpp-2022.1.1-headers/wpi/math:13:2: warning: #warning "Use <wpi/numbers> and wpi::numbers instead to reflect C++20 <numbers> and std::numbers" [-Wcpp]

compiling ChassisFactory.cpp successful.
In file included from C:\GitRepos\2022RapidReact\src\main\cpp/subsys/SwerveModule.h:37:0,
                 from C:\GitRepos\2022RapidReact\src\main\cpp/subsys/ChassisFactory.h:16,
                 from C:\GitRepos\2022RapidReact\src\main\cpp\subsys\ChassisFactory.cpp:11:
C:\Users\darth\.gradle\caches\transforms-3\fea46de20e2869b0be986ea81684d897\transformed\wpiutil-cpp-2022.1.1-headers/wpi/math:13:2: warning: #warning is a GCC extension
 #warning "Use <wpi/numbers> and wpi::numbers instead to reflect C++20 <numbers> and std::numbers"
  ^~~~~~~
C:\Users\darth\.gradle\caches\transforms-3\fea46de20e2869b0be986ea81684d897\transformed\wpiutil-cpp-2022.1.1-headers/wpi/math:13:2: warning: #warning "Use <wpi/numbers> and wpi::numbers instead to reflect C++20 <numbers> and std::numbers" [-Wcpp]

compiling ResetPosition.cpp successful.
In file included from C:\GitRepos\2022RapidReact\src\main\cpp/subsys/SwerveModule.h:37:0,
                 from C:\GitRepos\2022RapidReact\src\main\cpp/subsys/ChassisFactory.h:16,
                 from C:\GitRepos\2022RapidReact\src\main\cpp\auton\primitives\ResetPosition.cpp:26:
C:\Users\darth\.gradle\caches\transforms-3\fea46de20e2869b0be986ea81684d897\transformed\wpiutil-cpp-2022.1.1-headers/wpi/math:13:2: warning: #warning is a GCC extension
 #warning "Use <wpi/numbers> and wpi::numbers instead to reflect C++20 <numbers> and std::numbers"
  ^~~~~~~
C:\Users\darth\.gradle\caches\transforms-3\fea46de20e2869b0be986ea81684d897\transformed\wpiutil-cpp-2022.1.1-headers/wpi/math:13:2: warning: #warning "Use <wpi/numbers> and wpi::numbers instead to reflect C++20 <numbers> and std::numbers" [-Wcpp]

compiling AngleUtils.cpp successful.

compiling HardwareIDValidation.cpp successful.

compiling Logger.cpp successful.

compiling UsageValidation.cpp successful.

compiling EtherDirtySwerve.cpp successful.
In file included from C:\GitRepos\2022RapidReact\src\main\cpp/subsys/SwerveChassis.h:37:0,
                 from C:\GitRepos\2022RapidReact\src\main\cpp\subsys\SwerveHelpers\EtherDirtySwerve.cpp:30:
C:\Users\darth\.gradle\caches\transforms-3\fea46de20e2869b0be986ea81684d897\transformed\wpiutil-cpp-2022.1.1-headers/wpi/math:13:2: warning: #warning is a GCC extension
 #warning "Use <wpi/numbers> and wpi::numbers instead to reflect C++20 <numbers> and std::numbers"
  ^~~~~~~
C:\Users\darth\.gradle\caches\transforms-3\fea46de20e2869b0be986ea81684d897\transformed\wpiutil-cpp-2022.1.1-headers/wpi/math:13:2: warning: #warning "Use <wpi/numbers> and wpi::numbers instead to reflect C++20 <numbers> and std::numbers" [-Wcpp]

compiling CameraDefn.cpp successful.

compiling EtherFieldSwerve.cpp successful.
In file included from C:\GitRepos\2022RapidReact\src\main\cpp/subsys/SwerveChassis.h:37:0,
                 from C:\GitRepos\2022RapidReact\src\main\cpp\subsys\SwerveHelpers\EtherFieldSwerve.cpp:30:
C:\Users\darth\.gradle\caches\transforms-3\fea46de20e2869b0be986ea81684d897\transformed\wpiutil-cpp-2022.1.1-headers/wpi/math:13:2: warning: #warning is a GCC extension
 #warning "Use <wpi/numbers> and wpi::numbers instead to reflect C++20 <numbers> and std::numbers"
  ^~~~~~~
C:\Users\darth\.gradle\caches\transforms-3\fea46de20e2869b0be986ea81684d897\transformed\wpiutil-cpp-2022.1.1-headers/wpi/math:13:2: warning: #warning "Use <wpi/numbers> and wpi::numbers instead to reflect C++20 <numbers> and std::numbers" [-Wcpp]

compiling CanCoderDefn.cpp successful.

compiling DigitalInputDefn.cpp successful.

compiling LimelightDefn.cpp successful.

compiling WPIDirtySwerve.cpp successful.
In file included from C:\GitRepos\2022RapidReact\src\main\cpp/subsys/SwerveChassis.h:37:0,
                 from C:\GitRepos\2022RapidReact\src\main\cpp\subsys\SwerveHelpers\WPIDirtySwerve.cpp:29:
C:\Users\darth\.gradle\caches\transforms-3\fea46de20e2869b0be986ea81684d897\transformed\wpiutil-cpp-2022.1.1-headers/wpi/math:13:2: warning: #warning is a GCC extension
 #warning "Use <wpi/numbers> and wpi::numbers instead to reflect C++20 <numbers> and std::numbers"
  ^~~~~~~
C:\Users\darth\.gradle\caches\transforms-3\fea46de20e2869b0be986ea81684d897\transformed\wpiutil-cpp-2022.1.1-headers/wpi/math:13:2: warning: #warning "Use <wpi/numbers> and wpi::numbers instead to reflect C++20 <numbers> and std::numbers" [-Wcpp]

compiling MechanismDefn.cpp successful.

compiling MotorDefn.cpp successful.
C:\GitRepos\2022RapidReact\src\main\cpp\xmlhw\MotorDefn.cpp: In member function 'std::shared_ptr<IDragonMotorController> MotorDefn::ParseXML(pugi::xml_node)':
C:\GitRepos\2022RapidReact\src\main\cpp\xmlhw\MotorDefn.cpp:68:9: warning: variable 'continuousCurrentLimit' set but not used [-Wunused-but-set-variable]
     int continuousCurrentLimit = 0;
         ^~~~~~~~~~~~~~~~~~~~~~

compiling PCMDefn.cpp successful.

compiling PigeonDefn.cpp successful.

compiling PDPDefn.cpp successful.

compiling ServoDefn.cpp successful.

compiling RobotDefn.cpp successful.

compiling SolenoidDefn.cpp successful.

compiling ThroughBoreEncoderDefn.cpp successful.

compiling ControlDataDefn.cpp successful.

compiling SwerveModule.cpp successful.
In file included from C:\GitRepos\2022RapidReact\src\main\cpp\subsys\SwerveModule.cpp:30:0:
C:\Users\darth\.gradle\caches\transforms-3\fea46de20e2869b0be986ea81684d897\transformed\wpiutil-cpp-2022.1.1-headers/wpi/math:13:2: warning: #warning is a GCC extension
 #warning "Use <wpi/numbers> and wpi::numbers instead to reflect C++20 <numbers> and std::numbers"
  ^~~~~~~
C:\Users\darth\.gradle\caches\transforms-3\fea46de20e2869b0be986ea81684d897\transformed\wpiutil-cpp-2022.1.1-headers/wpi/math:13:2: warning: #warning "Use <wpi/numbers> and wpi::numbers instead to reflect C++20 <numbers> and std::numbers" [-Wcpp]

compiling WPIFieldSwerve.cpp successful.
In file included from C:\GitRepos\2022RapidReact\src\main\cpp/subsys/SwerveChassis.h:37:0,
                 from C:\GitRepos\2022RapidReact\src\main\cpp\subsys\SwerveHelpers\WPIFieldSwerve.cpp:29:
C:\Users\darth\.gradle\caches\transforms-3\fea46de20e2869b0be986ea81684d897\transformed\wpiutil-cpp-2022.1.1-headers/wpi/math:13:2: warning: #warning is a GCC extension
 #warning "Use <wpi/numbers> and wpi::numbers instead to reflect C++20 <numbers> and std::numbers"
  ^~~~~~~
C:\Users\darth\.gradle\caches\transforms-3\fea46de20e2869b0be986ea81684d897\transformed\wpiutil-cpp-2022.1.1-headers/wpi/math:13:2: warning: #warning "Use <wpi/numbers> and wpi::numbers instead to reflect C++20 <numbers> and std::numbers" [-Wcpp]

compiling MechanismTargetDefn.cpp successful.

compiling MechSolenoidState.cpp successful.

compiling StateDataDefn.cpp successful.

compiling ChassisDefn.cpp successful.
In file included from C:\GitRepos\2022RapidReact\src\main\cpp/subsys/SwerveModule.h:37:0,
                 from C:\GitRepos\2022RapidReact\src\main\cpp/subsys/ChassisFactory.h:16,
                 from C:\GitRepos\2022RapidReact\src\main\cpp\xmlhw\ChassisDefn.cpp:39:
C:\Users\darth\.gradle\caches\transforms-3\fea46de20e2869b0be986ea81684d897\transformed\wpiutil-cpp-2022.1.1-headers/wpi/math:13:2: warning: #warning is a GCC extension
 #warning "Use <wpi/numbers> and wpi::numbers instead to reflect C++20 <numbers> and std::numbers"
  ^~~~~~~
C:\Users\darth\.gradle\caches\transforms-3\fea46de20e2869b0be986ea81684d897\transformed\wpiutil-cpp-2022.1.1-headers/wpi/math:13:2: warning: #warning "Use <wpi/numbers> and wpi::numbers instead to reflect C++20 <numbers> and std::numbers" [-Wcpp]
C:\GitRepos\2022RapidReact\src\main\cpp\xmlhw\ChassisDefn.cpp: In member function 'IChassis* ChassisDefn::ParseXML(pugi::xml_node)':
C:\GitRepos\2022RapidReact\src\main\cpp\xmlhw\ChassisDefn.cpp:84:26: warning: variable 'speedCalcOption' set but not used [-Wunused-but-set-variable]
     ChassisSpeedCalcEnum speedCalcOption = ChassisSpeedCalcEnum::ETHER;
                          ^~~~~~~~~~~~~~~

compiling pugixml.cpp successful.

compiling SwerveModuleDefn.cpp successful.
In file included from C:\GitRepos\2022RapidReact\src\main\cpp/subsys/SwerveModule.h:37:0,
                 from C:\GitRepos\2022RapidReact\src\main\cpp\xmlhw\SwerveModuleDefn.cpp:34:
C:\Users\darth\.gradle\caches\transforms-3\fea46de20e2869b0be986ea81684d897\transformed\wpiutil-cpp-2022.1.1-headers/wpi/math:13:2: warning: #warning is a GCC extension
 #warning "Use <wpi/numbers> and wpi::numbers instead to reflect C++20 <numbers> and std::numbers"
  ^~~~~~~
C:\Users\darth\.gradle\caches\transforms-3\fea46de20e2869b0be986ea81684d897\transformed\wpiutil-cpp-2022.1.1-headers/wpi/math:13:2: warning: #warning "Use <wpi/numbers> and wpi::numbers instead to reflect C++20 <numbers> and std::numbers" [-Wcpp]

compiling SwerveChassis.cpp successful.
In file included from C:\GitRepos\2022RapidReact\src\main\cpp/subsys/SwerveChassis.h:37:0,
                 from C:\GitRepos\2022RapidReact\src\main\cpp\subsys\SwerveChassis.cpp:30:
C:\Users\darth\.gradle\caches\transforms-3\fea46de20e2869b0be986ea81684d897\transformed\wpiutil-cpp-2022.1.1-headers/wpi/math:13:2: warning: #warning is a GCC extension
 #warning "Use <wpi/numbers> and wpi::numbers instead to reflect C++20 <numbers> and std::numbers"
  ^~~~~~~
C:\Users\darth\.gradle\caches\transforms-3\fea46de20e2869b0be986ea81684d897\transformed\wpiutil-cpp-2022.1.1-headers/wpi/math:13:2: warning: #warning "Use <wpi/numbers> and wpi::numbers instead to reflect C++20 <numbers> and std::numbers" [-Wcpp]

Finished compileFrcUserProgramReleaseExecutableFrcUserProgramCpp, see full log file:///C:/GitRepos/2022RapidReact/build/tmp/compileFrcUserProgramReleaseExecutableFrcUserProgramCpp/output.txt.
>>>>>>> DO NOT USE
